  
 
      /\/\   ___  ___| |__   /__\ | __ _ ___| |_(_) ___
     /    \ / _ \/ __| '_ \ /_\ | |/ _` / __| __| |/ __|
    / /\/\ \  __/ (__| | | //__ | | (_| \__ \ |_| | (__
    \/    \/\___|\___|_| |_\__/ |_|\__,_|___/\__|_|\___| 
Version: 12.2019 

-----------------------------
List of arguments entered:
Input file name: OUTCAR-Si_bulk
Crystal type:  None
Dimensions: 3D
-----------------------------
Lattice parameters (in Angs.): a =    3.86697      b =    3.86697     c =    3.86697
Atomic numbers
[14 14]
Mass of atoms (in g/mol units): 
[ 28.085]
Number of atoms: 2
Total mass (in g/mol):    56.1700 
Volume of the cell (in Ang^3 units):    40.8900 

 Density (in kg/m^3 units ): 2281.05840
Printing Cij matrix as read from OUTCAR

 1531.3053   567.9318   567.9318    -0.0     0.0      0.0   
  567.9318  1531.3053   567.9318    -0.0     -0.0     -0.0  
  567.9318   567.9318  1531.3053    0.0      -0.0     0.0   
    -0.0       -0.0       0.0     747.184    0.0      0.0   
    0.0        -0.0       -0.0      0.0    747.184    -0.0  
    0.0        -0.0       0.0       0.0      -0.0   747.184 

 
 printing CNEW: Modified matrix in correct order (in GPa units)... 
 For example- to generate input for the ELATE code [https://github.com/fxcoudert/elate] 

 153.13053   56.79318   56.79318    0.0      0.0      -0.0  
  56.79318  153.13053   56.79318    -0.0     -0.0     -0.0  
  56.79318   56.79318  153.13053    -0.0     0.0      0.0   
    0.0        -0.0       -0.0    74.7184    -0.0     0.0   
    0.0        -0.0       0.0       -0.0   74.7184    0.0   
    -0.0       -0.0       0.0       0.0      0.0    74.7184 

 Checking if the modified matrix CNEW is symmetric: i.e. Cij = Cji:        True

 
                         Voigt     Reuss    Average
-------------------------------------------------------
Bulk modulus   (GPa)     88.906    88.906    88.906 
Shear modulus  (GPa)     64.099    61.221    62.660 
Young modulus  (GPa)    155.037   149.376   152.206 
Poisson ratio             0.209     0.220     0.215 
P-wave modulus  (GPa)   174.370   170.533   172.452 
Bulk/Shear ratio          1.387     1.452     1.419 (brittle) 
-------------------------------------------------------
 
 
 	 	 Elastic Anisotropy 
 
Zener anisotropy (true for cubic crystals only) Az =    1.55118
Universal anisotropy index (Ranganathan and Ostoja-Starzewski method; PRL 101, 055504 (2008)) Au =    0.23502
Log-Euclidean anisotropy parameter by Christopher M. Kube, AIP Advances 6, 095209 (2016) AL =    0.23654 

 	 	  Elastic wave velocities calculated using Navier's equation  (in m/s units) 

----------------------------------------------- 
Longitudinal wave velocity (vl) : 8694.92335 
Transverse wave velocity (vt) : 5241.14164 
Average wave velocity (vm) : 5795.34577 
Debye temperature  (in K) :  630.99658 
WARNING: Debye model for the atomic displacement is based on a monoatomic crystal, here we consider an average mass if your crystal has several species
Atomic displacement at 150, 300 and 450 K  (in A^2) :    0.00278    0.00436    0.00617

Melting temperature calculated from empirical relation: Tm = 607 + 9.3*Kvrh \pm 555 (in K)
Tm (in K)=  1433.82236 (plus-minus 555 K) 
----------------------------------------------- 

Eigen Values of the matrix CNEW:
[  96.337  266.717   96.337   74.718   74.718   74.718]
All eigen values are positive indicating elastic stability.


WARNING: crystal symmetry class  was not provided by user, it will be taken from the OUTCAR
One of the following was expected as the second argument: 
 'cubic', 'hexagonal', 'tetragonal', 'rhombohedral-1', 'rhombohedral-2', 'orthorhombic', 'monoclinic'
From OUTCAR the crystal type is =  cubic
Cubic crystal system 

Born stability criteria for the stability of cubic system are: [Ref- Mouhat and Coudert, PRB 90, 224104 (2014)]  

(i) C11 - C12 > 0;    (ii) C11 + 2C12 > 0;   (iii) C44 > 0 
 
Condition (i) satified.
Condition (ii) satified.
Condition (iii) satified.

  Thanks! See you later. 
